Using pre-set license
Built from '2020.3/staging' branch; Version is '2020.3.11f1 (99c7afb366b3) revision 10078127'; Using compiler version '192528614'; Build Type 'Release'
OS: 'Windows 10 Home; OS build 19043.1415; Version 2009; 64bit' Language: 'en' Physical Memory: 20423 MB
BatchMode: 1, IsHumanControllingUs: 0, StartBugReporterOnCrash: 0, Is64bit: 1, IsPro: 0

 COMMAND LINE ARGUMENTS:
C:\Program Files\Unity\Hub\Editor\2020.3.11f1\Editor\Unity.exe
-adb2
-batchMode
-noUpm
-name
AssetImportWorker0
-projectPath
C:/Users/Admin/Desktop/FightingGame/FightingGame
-logFile
Logs/AssetImportWorker0.log
-srvPort
52555
Successfully changed project path to: C:/Users/Admin/Desktop/FightingGame/FightingGame
C:/Users/Admin/Desktop/FightingGame/FightingGame
Using Asset Import Pipeline V2.
Refreshing native plugins compatible for Editor in 49.22 ms, found 3 plugins.
Preloading 0 native plugins for Editor in 0.00 ms.
Initialize engine version: 2020.3.11f1 (99c7afb366b3)
[Subsystems] Discovering subsystems at path C:/Program Files/Unity/Hub/Editor/2020.3.11f1/Editor/Data/Resources/UnitySubsystems
[Subsystems] Discovering subsystems at path C:/Users/Admin/Desktop/FightingGame/FightingGame/Assets
GfxDevice: creating device client; threaded=0
Direct3D:
    Version:  Direct3D 11.0 [level 11.1]
    Renderer: NVIDIA GeForce GTX 1070 (ID=0x1b81)
    Vendor:   
    VRAM:     8088 MB
    Driver:   27.21.14.6647
Initialize mono
Mono path[0] = 'C:/Program Files/Unity/Hub/Editor/2020.3.11f1/Editor/Data/Managed'
Mono path[1] = 'C:/Program Files/Unity/Hub/Editor/2020.3.11f1/Editor/Data/MonoBleedingEdge/lib/mono/unityjit'
Mono config path = 'C:/Program Files/Unity/Hub/Editor/2020.3.11f1/Editor/Data/MonoBleedingEdge/etc'
Using monoOptions --debugger-agent=transport=dt_socket,embedding=1,server=y,suspend=n,address=127.0.0.1:56748
Begin MonoManager ReloadAssembly
Registering precompiled unity dll's ...
Register platform support module: C:/Program Files/Unity/Hub/Editor/2020.3.11f1/Editor/Data/PlaybackEngines/WindowsStandaloneSupport/UnityEditor.WindowsStandalone.Extensions.dll
Registered in 0.001951 seconds.
Native extension for WindowsStandalone target not found
Refreshing native plugins compatible for Editor in 46.16 ms, found 3 plugins.
Preloading 0 native plugins for Editor in 0.00 ms.
Mono: successfully reloaded assembly
- Completed reload, in  1.247 seconds
Platform modules already initialized, skipping
Registering precompiled user dll's ...
Registered in 0.006186 seconds.
Begin MonoManager ReloadAssembly
Native extension for WindowsStandalone target not found
Refreshing native plugins compatible for Editor in 46.75 ms, found 3 plugins.
Preloading 0 native plugins for Editor in 0.00 ms.
Mono: successfully reloaded assembly
- Completed reload, in  1.343 seconds
Platform modules already initialized, skipping
========================================================================
Worker process is ready to serve import requests
Launched and connected shader compiler UnityShaderCompiler.exe after 0.05 seconds
Refreshing native plugins compatible for Editor in 0.46 ms, found 3 plugins.
Preloading 0 native plugins for Editor in 0.00 ms.
Unloading 2090 Unused Serialized files (Serialized files now loaded: 0)
System memory in use before: 93.2 MB.
System memory in use after: 93.1 MB.

Unloading 35 unused Assets to reduce memory usage. Loaded Objects now: 2526.
Total: 3.139100 ms (FindLiveObjects: 0.351800 ms CreateObjectMapping: 0.094300 ms MarkObjects: 2.433300 ms  DeleteObjects: 0.258800 ms)

========================================================================
Received Import Request.
  path: Assets/Resources/DOTweenSettings.asset
  artifactKey: Guid(6f1a34d829122fb48ada5eb5b99214a6) Importer(815301076,1909f56bfc062723c751e8b465ee728b)
Start importing Assets/Resources/DOTweenSettings.asset using Guid(6f1a34d829122fb48ada5eb5b99214a6) Importer(815301076,1909f56bfc062723c751e8b465ee728b)  -> (artifact id: '8d2fc57f40d41801b24f08eb6ba77420') in 0.058047 seconds
  Import took 0.061776 seconds .

AssetImportWorkerClient::OnTransportError - code=2 error=End of file
